
///////////////////////////////////
// Efinity Synthesis Started 
// Jun 06, 2025 15:10:54
///////////////////////////////////

[EFX-0010 VERI-ERROR] syntax error near '@' (VERI-1137) (/media/lalli/D_Drive_Deb/Efinity_stuff/sync_fifo/sync_fifo.v:67)
[EFX-0010 VERI-ERROR] syntax error near '<=' (VERI-1137) (/media/lalli/D_Drive_Deb/Efinity_stuff/sync_fifo/sync_fifo.v:78)
[EFX-0010 VERI-ERROR] syntax error near '<=' (VERI-1137) (/media/lalli/D_Drive_Deb/Efinity_stuff/sync_fifo/sync_fifo.v:81)
[EFX-0010 VERI-ERROR] syntax error near '<=' (VERI-1137) (/media/lalli/D_Drive_Deb/Efinity_stuff/sync_fifo/sync_fifo.v:84)
[EFX-0010 VERI-ERROR] syntax error near '<=' (VERI-1137) (/media/lalli/D_Drive_Deb/Efinity_stuff/sync_fifo/sync_fifo.v:85)
[EFX-0010 VERI-ERROR] syntax error near '<=' (VERI-1137) (/media/lalli/D_Drive_Deb/Efinity_stuff/sync_fifo/sync_fifo.v:86)
[EFX-0010 VERI-ERROR] syntax error near 'end' (VERI-1137) (/media/lalli/D_Drive_Deb/Efinity_stuff/sync_fifo/sync_fifo.v:89)
[EFX-0010 VERI-ERROR] Verilog 2000 keyword 'end' used in incorrect context (VERI-2344) (/media/lalli/D_Drive_Deb/Efinity_stuff/sync_fifo/sync_fifo.v:89)
[EFX-0010 VERI-ERROR] 'logic' is an unknown type (VERI-1556) (/media/lalli/D_Drive_Deb/Efinity_stuff/sync_fifo/sync_fifo.v:50)
[EFX-0010 VERI-ERROR] 'logic' is an unknown type (VERI-1556) (/media/lalli/D_Drive_Deb/Efinity_stuff/sync_fifo/sync_fifo.v:51)
[EFX-0010 VERI-ERROR] 'logic' is an unknown type (VERI-1556) (/media/lalli/D_Drive_Deb/Efinity_stuff/sync_fifo/sync_fifo.v:52)
[EFX-0010 VERI-ERROR] 'logic' is an unknown type (VERI-1556) (/media/lalli/D_Drive_Deb/Efinity_stuff/sync_fifo/sync_fifo.v:53)
[EFX-0010 VERI-ERROR] concurrent assignment to a non-net 'r_push' is not permitted (VERI-1195) (/media/lalli/D_Drive_Deb/Efinity_stuff/sync_fifo/sync_fifo.v:63)
[EFX-0010 VERI-ERROR] concurrent assignment to a non-net 'r_pop' is not permitted (VERI-1195) (/media/lalli/D_Drive_Deb/Efinity_stuff/sync_fifo/sync_fifo.v:64)
[EFX-0010 VERI-ERROR] 'r_push' is not a constant (VERI-1188) (/media/lalli/D_Drive_Deb/Efinity_stuff/sync_fifo/sync_fifo.v:77)
[EFX-0010 VERI-ERROR] 'r_pop' is not a constant (VERI-1188) (/media/lalli/D_Drive_Deb/Efinity_stuff/sync_fifo/sync_fifo.v:81)
[EFX-0010 VERI-ERROR] 'r_push' is not a constant (VERI-1188) (/media/lalli/D_Drive_Deb/Efinity_stuff/sync_fifo/sync_fifo.v:83)
[EFX-0010 VERI-ERROR] module 'sync_fifo' is ignored due to previous errors (VERI-1072) (/media/lalli/D_Drive_Deb/Efinity_stuff/sync_fifo/sync_fifo.v:92)

///////////////////////////////////
// Efinity Synthesis Started 
// Jun 06, 2025 15:11:12
///////////////////////////////////

